[19:05:41] [main/WARN]: Ambiguity between arguments [teleport, destination] and [teleport, targets] with inputs: [Player, 0123, @e, dd12be42-52a9-4a91-a8a1-11c01849e498]
[19:05:41] [main/WARN]: Ambiguity between arguments [teleport, location] and [teleport, destination] with inputs: [0.1 -0.5 .9, 0 0 0]
[19:05:41] [main/WARN]: Ambiguity between arguments [teleport, location] and [teleport, targets] with inputs: [0.1 -0.5 .9, 0 0 0]
[19:05:41] [main/WARN]: Ambiguity between arguments [teleport, targets] and [teleport, destination] with inputs: [Player, 0123, dd12be42-52a9-4a91-a8a1-11c01849e498]
[19:05:41] [main/WARN]: Ambiguity between arguments [teleport, targets, location] and [teleport, targets, destination] with inputs: [0.1 -0.5 .9, 0 0 0]
[19:05:45] [Server thread/INFO]: Starting minecraft server version 1.14.4
[19:05:45] [Server thread/INFO]: Loading properties
[19:05:45] [Server thread/INFO]: Default game type: SURVIVAL
[19:05:45] [Server thread/INFO]: Generating keypair
[19:05:46] [Server thread/INFO]: Starting Minecraft server on *:25565
[19:05:46] [Server thread/INFO]: Using default channel type
[19:05:46] [Server thread/WARN]: **** SERVER IS RUNNING IN OFFLINE/INSECURE MODE!
[19:05:46] [Server thread/WARN]: The server will make no attempt to authenticate usernames. Beware.
[19:05:46] [Server thread/WARN]: While this makes the game possible to play without internet access, it also opens up the ability for hackers to connect with any username they choose.
[19:05:46] [Server thread/WARN]: To change this, set "online-mode" to "true" in the server.properties file.
[19:05:46] [Server thread/INFO]: Preparing level "BigPVP"
[19:05:47] [Server thread/INFO]: Found new data pack vanilla, loading it automatically
[19:05:47] [Server thread/INFO]: Reloading ResourceManager: Default
[19:06:02] [Server thread/INFO]: Loaded 6 recipes
[19:06:03] [Server thread/INFO]: Loaded 811 advancements
[19:06:09] [Server thread/INFO]: Preparing start region for dimension minecraft:overworld
[19:06:09] [Server-Worker-2/INFO]: Preparing spawn area: 0%
[19:06:10] [Server-Worker-2/INFO]: Preparing spawn area: 0%
[19:06:10] [Server-Worker-3/INFO]: Preparing spawn area: 0%
[19:06:11] [Server-Worker-1/INFO]: Preparing spawn area: 0%
[19:06:11] [Server-Worker-3/INFO]: Preparing spawn area: 0%
[19:06:12] [Server-Worker-1/INFO]: Preparing spawn area: 1%
[19:06:12] [Server-Worker-3/INFO]: Preparing spawn area: 2%
[19:06:13] [Server-Worker-2/INFO]: Preparing spawn area: 3%
[19:06:13] [Server-Worker-2/INFO]: Preparing spawn area: 3%
[19:06:14] [Server-Worker-2/INFO]: Preparing spawn area: 5%
[19:06:14] [Server-Worker-2/INFO]: Preparing spawn area: 5%
[19:06:15] [Server-Worker-2/INFO]: Preparing spawn area: 5%
[19:06:15] [Server-Worker-2/INFO]: Preparing spawn area: 5%
[19:06:16] [Server-Worker-3/INFO]: Preparing spawn area: 9%
[19:06:16] [Server-Worker-2/INFO]: Preparing spawn area: 9%
[19:06:17] [Server-Worker-3/INFO]: Preparing spawn area: 9%
[19:06:17] [Server-Worker-2/INFO]: Preparing spawn area: 9%
[19:06:18] [Server-Worker-3/INFO]: Preparing spawn area: 9%
[19:06:18] [Server-Worker-3/INFO]: Preparing spawn area: 9%
[19:06:19] [Server-Worker-2/INFO]: Preparing spawn area: 9%
[19:06:19] [Server-Worker-2/INFO]: Preparing spawn area: 9%
[19:06:20] [Server-Worker-2/INFO]: Preparing spawn area: 9%
[19:06:20] [Server-Worker-2/INFO]: Preparing spawn area: 9%
[19:06:21] [Server-Worker-2/INFO]: Preparing spawn area: 9%
[19:06:21] [Server-Worker-3/INFO]: Preparing spawn area: 9%
[19:06:22] [Server-Worker-2/INFO]: Preparing spawn area: 16%
[19:06:22] [Server-Worker-1/INFO]: Preparing spawn area: 16%
[19:06:23] [Server-Worker-2/INFO]: Preparing spawn area: 16%
[19:06:23] [Server-Worker-1/INFO]: Preparing spawn area: 16%
[19:06:24] [Server-Worker-2/INFO]: Preparing spawn area: 16%
[19:06:24] [Server-Worker-1/INFO]: Preparing spawn area: 16%
[19:06:25] [Server-Worker-2/INFO]: Preparing spawn area: 16%
[19:06:25] [Server-Worker-2/INFO]: Preparing spawn area: 16%
[19:06:26] [Server-Worker-1/INFO]: Preparing spawn area: 16%
[19:06:26] [Server-Worker-3/INFO]: Preparing spawn area: 24%
[19:06:27] [Server-Worker-3/INFO]: Preparing spawn area: 24%
[19:06:27] [Server-Worker-2/INFO]: Preparing spawn area: 24%
[19:06:28] [Server-Worker-3/INFO]: Preparing spawn area: 24%
[19:06:28] [Server-Worker-2/INFO]: Preparing spawn area: 24%
[19:06:29] [Server-Worker-3/INFO]: Preparing spawn area: 24%
[19:06:29] [Server-Worker-2/INFO]: Preparing spawn area: 24%
[19:06:30] [Server-Worker-2/INFO]: Preparing spawn area: 24%
[19:06:30] [Server-Worker-1/INFO]: Preparing spawn area: 33%
[19:06:31] [Server-Worker-1/INFO]: Preparing spawn area: 33%
[19:06:31] [Server-Worker-1/INFO]: Preparing spawn area: 33%
[19:06:33] [Server-Worker-3/INFO]: Preparing spawn area: 33%
[19:06:33] [Server-Worker-1/INFO]: Preparing spawn area: 33%
[19:06:33] [Server-Worker-1/INFO]: Preparing spawn area: 33%
[19:06:34] [Server-Worker-3/INFO]: Preparing spawn area: 41%
[19:06:34] [Server-Worker-3/INFO]: Preparing spawn area: 41%
[19:06:34] [Server-Worker-3/INFO]: Preparing spawn area: 41%
[19:06:36] [Server-Worker-2/INFO]: Preparing spawn area: 46%
[19:06:36] [Server-Worker-2/INFO]: Preparing spawn area: 46%
[19:06:36] [Server-Worker-1/INFO]: Preparing spawn area: 46%
[19:06:36] [Server-Worker-3/INFO]: Preparing spawn area: 53%
[19:06:38] [Server-Worker-3/INFO]: Preparing spawn area: 54%
[19:06:38] [Server-Worker-3/INFO]: Preparing spawn area: 54%
[19:06:38] [Server-Worker-2/INFO]: Preparing spawn area: 57%
[19:06:43] [Server-Worker-1/INFO]: Preparing spawn area: 57%
[19:06:43] [Server-Worker-1/INFO]: Preparing spawn area: 57%
[19:06:43] [Server-Worker-2/INFO]: Preparing spawn area: 57%
[19:06:43] [Server-Worker-2/INFO]: Preparing spawn area: 57%
[19:06:43] [Server-Worker-1/INFO]: Preparing spawn area: 57%
[19:06:43] [Server-Worker-1/INFO]: Preparing spawn area: 57%
[19:06:43] [Server-Worker-1/INFO]: Preparing spawn area: 57%
[19:06:43] [Server-Worker-2/INFO]: Preparing spawn area: 57%
[19:06:43] [Server-Worker-1/INFO]: Preparing spawn area: 57%
[19:06:43] [Server-Worker-1/INFO]: Preparing spawn area: 57%
[19:06:45] [Server-Worker-3/INFO]: Preparing spawn area: 69%
[19:06:45] [Server-Worker-3/INFO]: Preparing spawn area: 69%
[19:06:45] [Server-Worker-1/INFO]: Preparing spawn area: 69%
[19:06:45] [Server-Worker-3/INFO]: Preparing spawn area: 69%
[19:06:45] [Server-Worker-1/INFO]: Preparing spawn area: 69%
[19:06:48] [Server-Worker-2/INFO]: Preparing spawn area: 73%
[19:06:48] [Server-Worker-2/INFO]: Preparing spawn area: 73%
[19:06:48] [Server-Worker-2/INFO]: Preparing spawn area: 73%
[19:06:48] [Server-Worker-2/INFO]: Preparing spawn area: 73%
[19:06:48] [Server-Worker-2/INFO]: Preparing spawn area: 73%
[19:06:50] [Server-Worker-3/INFO]: Preparing spawn area: 78%
[19:06:50] [Server-Worker-1/INFO]: Preparing spawn area: 78%
[19:06:50] [Server-Worker-1/INFO]: Preparing spawn area: 78%
[19:06:50] [Server-Worker-1/INFO]: Preparing spawn area: 78%
[19:06:51] [Server-Worker-2/INFO]: Preparing spawn area: 83%
[19:06:51] [Server-Worker-1/INFO]: Preparing spawn area: 83%
[19:06:53] [Server-Worker-3/INFO]: Preparing spawn area: 86%
[19:06:53] [Server-Worker-3/INFO]: Preparing spawn area: 86%
[19:06:53] [Server-Worker-3/INFO]: Preparing spawn area: 86%
[19:06:53] [Server-Worker-1/INFO]: Preparing spawn area: 86%
[19:06:53] [Server-Worker-1/INFO]: Preparing spawn area: 86%
[19:06:55] [Server-Worker-3/INFO]: Preparing spawn area: 92%
[19:06:55] [Server-Worker-2/INFO]: Preparing spawn area: 92%
[19:06:55] [Server-Worker-3/INFO]: Preparing spawn area: 92%
[19:06:55] [Server-Worker-3/INFO]: Preparing spawn area: 92%
[19:06:56] [Server-Worker-2/INFO]: Preparing spawn area: 99%
[19:06:56] [Server thread/INFO]: Time elapsed: 47240 ms
[19:06:56] [Server thread/INFO]: Done (70.113s)! For help, type "help"
[19:06:59] [Server thread/WARN]: Can't keep up! Is the server overloaded? Running 2081ms or 41 ticks behind
[19:07:41] [Server thread/INFO]: RichkidRich[/127.0.0.1:51905] logged in with entity id 211 at (54.5, 72.0, 264.5)
[19:07:41] [Server thread/INFO]: RichkidRich joined the game
[19:08:00] [Server thread/INFO]: Made RichkidRich a server operator
[19:08:35] [Server thread/INFO]: [RichkidRich: Gave 1 [Oak Planks] to RichkidRich]
[19:08:42] [Server thread/INFO]: [RichkidRich: Gave 1000 [Oak Planks] to RichkidRich]
[19:08:59] [Server thread/INFO]: [RichkidRich: Gave 1 [Diamond Shovel] to RichkidRich]
[19:09:06] [Server thread/INFO]: [RichkidRich: Applied enchantment Efficiency V to RichkidRich's item]
[19:09:13] [Server thread/INFO]: [RichkidRich: Applied enchantment Mending to RichkidRich's item]
[19:09:22] [Server thread/INFO]: [RichkidRich: Applied enchantment Unbreaking III to RichkidRich's item]
[19:09:53] [Server thread/INFO]: [RichkidRich: Successfully filled 179 blocks]
[19:10:06] [Server thread/INFO]: [RichkidRich: Set own game mode to Creative Mode]
[19:10:41] [Server thread/INFO]: [RichkidRich: Successfully filled 724 blocks]
[19:11:01] [Server thread/INFO]: [RichkidRich: Successfully filled 396 blocks]
[19:12:04] [Server thread/WARN]: Can't keep up! Is the server overloaded? Running 5331ms or 106 ticks behind
[19:18:45] [Server thread/INFO]: [RichkidRich: Set the time to 1000]
[19:19:39] [Server thread/INFO]: [RichkidRich: Successfully filled 238 blocks]
[19:20:35] [Server thread/INFO]: [RichkidRich: Successfully filled 178 blocks]
[19:20:50] [Server thread/INFO]: RichkidRich fell out of the world
[19:20:50] [Server thread/INFO]: [RichkidRich: Killed RichkidRich]
[19:23:49] [Server thread/INFO]: RichkidRich fell out of the world
[19:23:49] [Server thread/INFO]: [RichkidRich: Killed RichkidRich]
[19:23:57] [Server thread/INFO]: RichkidRich fell out of the world
[19:23:57] [Server thread/INFO]: [RichkidRich: Killed RichkidRich]
[19:25:26] [Server thread/INFO]: [RichkidRich: Applied effect Speed to RichkidRich]
[19:26:53] [Server thread/INFO]: [RichkidRich: Removed every effect from RichkidRich]
[19:27:10] [Server thread/WARN]: RichkidRich moved too quickly! -9.016764037809239,0.0,4.39992841795015
[19:27:10] [Server thread/WARN]: Can't keep up! Is the server overloaded? Running 5757ms or 115 ticks behind
[19:27:53] [Server thread/INFO]: [RichkidRich: Successfully filled 446 blocks]
[19:28:18] [Server thread/INFO]: [RichkidRich: Set the time to 1000]
[19:32:14] [Server thread/WARN]: Can't keep up! Is the server overloaded? Running 4605ms or 92 ticks behind
[19:32:19] [Server thread/INFO]: [RichkidRich: Successfully filled 2287 blocks]
[19:33:00] [Server thread/INFO]: [RichkidRich: Successfully filled 1096 blocks]
[19:37:16] [Server thread/WARN]: Can't keep up! Is the server overloaded? Running 2086ms or 41 ticks behind
[19:37:48] [Server thread/INFO]: [RichkidRich: Set the time to 1000]
[19:46:14] [Server thread/INFO]: [RichkidRich: Successfully filled 42 blocks]
[19:47:15] [Server thread/INFO]: [RichkidRich: Set the time to 1000]
[19:47:32] [Server thread/INFO]: [RichkidRich: Successfully filled 77 blocks]
[19:52:19] [Server thread/WARN]: Can't keep up! Is the server overloaded? Running 2264ms or 45 ticks behind
[19:52:48] [Server thread/INFO]: [RichkidRich: Successfully filled 17 blocks]
[19:53:06] [Server thread/INFO]: [RichkidRich: Successfully filled 66 blocks]
[19:53:26] [Server thread/INFO]: [RichkidRich: Set the weather to clear]
[19:56:05] [Server thread/INFO]: [RichkidRich: Set the time to 1000]
[19:58:33] [Server thread/INFO]: [RichkidRich: Set the weather to clear]
[20:03:11] [Server thread/INFO]: [RichkidRich: Successfully filled 31 blocks]
[20:03:41] [Server thread/INFO]: [RichkidRich: Set the weather to clear]
[20:05:24] [Server thread/INFO]: [RichkidRich: Set the time to 1000]
[20:06:44] [Server thread/INFO]: [RichkidRich: Successfully filled 40 blocks]
[20:08:46] [Server thread/INFO]: [RichkidRich: Set the weather to clear]
[20:10:13] [Server thread/INFO]: [RichkidRich: Successfully filled 54 blocks]
[20:12:21] [Server thread/WARN]: Can't keep up! Is the server overloaded? Running 2128ms or 42 ticks behind
[20:12:31] [Server thread/INFO]: [RichkidRich: Successfully filled 45 blocks]
[20:13:59] [Server thread/INFO]: [RichkidRich: Set the weather to clear]
[20:15:12] [Server thread/INFO]: [RichkidRich: Set the time to 1000]
[20:21:39] [Server thread/INFO]: [RichkidRich: Successfully filled 16 blocks]
[20:27:23] [Server thread/WARN]: Can't keep up! Is the server overloaded? Running 2243ms or 44 ticks behind
[20:33:39] [Server thread/INFO]: [RichkidRich: Set the time to 1000]
[20:37:26] [Server thread/WARN]: Can't keep up! Is the server overloaded? Running 2803ms or 56 ticks behind
[20:39:32] [Server thread/INFO]: RichkidRich has made the advancement [Monster Hunter]
[20:40:16] [Server thread/INFO]: [RichkidRich: Set the time to 13000]
[20:41:32] [Server thread/INFO]: [RichkidRich: Set own game mode to Survival Mode]
[20:41:33] [Server thread/INFO]: RichkidRich has made the advancement [Sweet Dreams]
[20:42:28] [Server thread/WARN]: Can't keep up! Is the server overloaded? Running 2012ms or 40 ticks behind
[20:42:37] [Server thread/INFO]: [RichkidRich: Set own game mode to Creative Mode]
[20:42:43] [Server thread/INFO]: [RichkidRich: Removed 10 items from player RichkidRich]
[20:47:32] [Server thread/WARN]: Can't keep up! Is the server overloaded? Running 3813ms or 76 ticks behind
[20:52:03] [Server thread/INFO]: RichkidRich lost connection: Disconnected
[20:52:03] [Server thread/INFO]: RichkidRich left the game
[20:52:07] [Server thread/INFO]: Stopping the server
[20:52:07] [Server thread/INFO]: Stopping server
[20:52:07] [Server thread/INFO]: Saving players
[20:52:07] [Server thread/INFO]: Saving worlds
[20:52:07] [Server thread/INFO]: Saving chunks for level 'BigPVP'/minecraft:the_end
[20:52:07] [Server thread/INFO]: ThreadedAnvilChunkStorage (DIM1): All chunks are saved
[20:52:07] [Server thread/INFO]: Saving chunks for level 'BigPVP'/minecraft:overworld
[20:52:07] [Server thread/INFO]: ThreadedAnvilChunkStorage (BigPVP): All chunks are saved
[20:52:07] [Server thread/INFO]: Saving chunks for level 'BigPVP'/minecraft:the_nether
[20:52:07] [Server thread/INFO]: ThreadedAnvilChunkStorage (DIM-1): All chunks are saved
[20:52:07] [Server thread/INFO]: ThreadedAnvilChunkStorage (DIM1): All chunks are saved
[20:52:07] [Server thread/INFO]: ThreadedAnvilChunkStorage (BigPVP): All chunks are saved
[20:52:07] [Server thread/INFO]: ThreadedAnvilChunkStorage (DIM-1): All chunks are saved
